<?xml version="1.0" encoding="UTF-8"?>
<!-- Generated by org.testng.reporters.JUnitReportReporter -->
<testsuite hostname="DESKTOP-NTEH6OK" failures="0" tests="1" name="xyz.manager.addcustomer.test.ValidateAddCustomer" time="2.774" errors="0" timestamp="2023-07-25T23:27:36 IST" skipped="0">
  <testcase classname="xyz.manager.addcustomer.test.ValidateAddCustomer" name="validate_add_customer_functionality" time="2.774"/>
</testsuite> <!-- xyz.manager.addcustomer.test.ValidateAddCustomer -->
