<?xml version="1.0" encoding="UTF-8"?>
<!-- Generated by org.testng.reporters.JUnitReportReporter -->
<testsuite hostname="DESKTOP-NTEH6OK" failures="0" tests="1" name="xyz.bank.manager.login.test.ManagerLoginTest" time="1.294" errors="0" timestamp="2023-07-25T21:00:17 IST" skipped="0">
  <testcase classname="xyz.bank.manager.login.test.ManagerLoginTest" name="validate_manager_login" time="1.294"/>
</testsuite> <!-- xyz.bank.manager.login.test.ManagerLoginTest -->
